[13:51:13] [main/INFO] (FabricLoader/GameProvider) Loading Minecraft 1.20.1 with Fabric Loader 0.14.22
[13:51:13] [main/DEBUG] (FabricLoader/GamePatch) Found game constructor: net.minecraft.client.main.Main -> net.minecraft.client.MinecraftClient
[13:51:13] [main/DEBUG] (FabricLoader/GamePatch) Patching game constructor <init>(Lnet/minecraft/client/RunArgs;)V
[13:51:13] [main/DEBUG] (FabricLoader/GamePatch) Run directory field is thought to be net/minecraft/client/MinecraftClient/runDirectory
[13:51:13] [main/DEBUG] (FabricLoader/GamePatch) Applying brand name hook to net/minecraft/client/ClientBrandRetriever::getClientModName
[13:51:13] [main/DEBUG] (FabricLoader/GamePatch) Applying brand name hook to net/minecraft/server/MinecraftServer::getServerModName
[13:51:13] [main/DEBUG] (FabricLoader/GamePatch) Patched 3 classs
[13:51:13] [main/DEBUG] (FabricLoader/Discovery) Mod discovery time: 87.5 ms
[13:51:13] [main/DEBUG] (FabricLoader/Resolution) Mod resolution time: 80.3 ms
[13:51:13] [main/INFO] (FabricLoader) Loading 60 mods:
	- fabric-api 0.87.0+1.20.1
	- fabric-api-base 0.4.30+7abfd51577
	- fabric-api-lookup-api-v1 1.6.35+4d8536c977
	- fabric-biome-api-v1 13.0.10+b3afc78b77
	- fabric-block-api-v1 1.0.9+e022e5d177
	- fabric-blockrenderlayer-v1 1.1.40+b3afc78b77
	- fabric-client-tags-api-v1 1.1.1+97bb207577
	- fabric-command-api-v1 1.2.33+f71b366f77
	- fabric-command-api-v2 2.2.12+b3afc78b77
	- fabric-commands-v0 0.2.50+df3654b377
	- fabric-containers-v0 0.1.63+df3654b377
	- fabric-content-registries-v0 4.0.9+b3afc78b77
	- fabric-convention-tags-v1 1.5.4+a1a980da77
	- fabric-crash-report-info-v1 0.2.18+aeb40ebe77
	- fabric-data-generation-api-v1 12.2.2+1e61dba177
	- fabric-dimensions-v1 2.1.53+8536527b77
	- fabric-entity-events-v1 1.5.22+b3afc78b77
	- fabric-events-interaction-v0 0.6.1+e91849a877
	- fabric-events-lifecycle-v0 0.2.62+df3654b377
	- fabric-game-rule-api-v1 1.0.38+b04edc7a77
	- fabric-gametest-api-v1 1.2.12+b3afc78b77
	- fabric-item-api-v1 2.1.27+b3afc78b77
	- fabric-item-group-api-v1 4.0.10+23d9108177
	- fabric-key-binding-api-v1 1.0.36+fb8d95da27
	- fabric-keybindings-v0 0.2.34+df3654b377
	- fabric-lifecycle-events-v1 2.2.21+b3afc78b77
	- fabric-loot-api-v2 1.1.39+b3afc78b77
	- fabric-loot-tables-v1 1.1.43+9e7660c677
	- fabric-message-api-v1 5.1.7+3265161977
	- fabric-mining-level-api-v1 2.1.49+b3afc78b77
	- fabric-model-loading-api-v1 1.0.2+709a987177
	- fabric-models-v0 0.4.1+9386d8a777
	- fabric-networking-api-v1 1.3.10+eeb8eb3677
	- fabric-networking-v0 0.3.50+df3654b377
	- fabric-object-builder-api-v1 11.1.1+6beca84877
	- fabric-particles-v1 1.1.1+201a23a077
	- fabric-recipe-api-v1 1.0.20+b3afc78b77
	- fabric-registry-sync-v0 2.3.2+4df89eb277
	- fabric-renderer-api-v1 3.1.2+6bdb2ed077
	- fabric-renderer-indigo 1.4.2+6bdb2ed077
	- fabric-renderer-registries-v1 3.2.45+df3654b377
	- fabric-rendering-data-attachment-v1 0.3.34+b3afc78b77
	- fabric-rendering-fluids-v1 3.0.27+b3afc78b77
	- fabric-rendering-v0 1.1.48+df3654b377
	- fabric-rendering-v1 3.0.7+b3afc78b77
	- fabric-resource-conditions-api-v1 2.3.5+ea08f9d877
	- fabric-resource-loader-v0 0.11.9+132c48c177
	- fabric-screen-api-v1 2.0.7+b3afc78b77
	- fabric-screen-handler-api-v1 1.3.29+b3afc78b77
	- fabric-sound-api-v1 1.0.12+b3afc78b77
	- fabric-transfer-api-v1 3.3.0+cdf060b277
	- fabric-transitive-access-wideners-v1 4.3.0+6c31357e77
	- fabricloader 0.14.22
	- java 17
	- minecraft 1.20.1
	- modmenu 7.0.0
	- todonote 0.0.1
	- yet_another_config_lib_v3 3.0.0+1.20
	   |-- com_twelvemonkeys_imageio_imageio-core 3.9.4
	   \-- com_twelvemonkeys_imageio_imageio-webp 3.9.4
[13:51:13] [main/DEBUG] (FabricLoader/Knot) Adding C:\Users\klitw\.gradle\caches\modules-2\files-2.1\dev.isxander.yacl\yet-another-config-lib-fabric\3.0.0+1.20\9a845e3a5ce04c8199c406ba26111c974b747d5b\yet-another-config-lib-fabric-3.0.0+1.20.jar to classpath.
[13:51:13] [main/DEBUG] (FabricLoader/Knot) Adding D:\eclipse\mods\TodoNotebookFabric\.gradle\loom-cache\remapped_mods\net_fabricmc_yarn_1_20_1_1_20_1_build_10_v2\net\fabricmc\fabric-api\fabric-blockrenderlayer-v1\1.1.40+b3afc78b77\fabric-blockrenderlayer-v1-1.1.40+b3afc78b77.jar to classpath.
[13:51:13] [main/DEBUG] (FabricLoader/Knot) Adding D:\eclipse\mods\TodoNotebookFabric\.gradle\loom-cache\remapped_mods\net_fabricmc_yarn_1_20_1_1_20_1_build_10_v2\net\fabricmc\fabric-api\fabric-registry-sync-v0\2.3.2+4df89eb277\fabric-registry-sync-v0-2.3.2+4df89eb277.jar to classpath.
[13:51:13] [main/DEBUG] (FabricLoader/Knot) Adding C:\Users\klitw\.gradle\caches\modules-2\files-2.1\com.terraformersmc\modmenu\7.0.0\d5f0eb3275106c8f17af20e43d884356ada062c9\modmenu-7.0.0.jar to classpath.
[13:51:13] [main/DEBUG] (FabricLoader/Knot) Adding D:\eclipse\mods\TodoNotebookFabric\.gradle\loom-cache\remapped_mods\net_fabricmc_yarn_1_20_1_1_20_1_build_10_v2\net\fabricmc\fabric-api\fabric-model-loading-api-v1\1.0.2+709a987177\fabric-model-loading-api-v1-1.0.2+709a987177.jar to classpath.
[13:51:13] [main/DEBUG] (FabricLoader/Knot) Adding D:\eclipse\mods\TodoNotebookFabric\.gradle\loom-cache\remapped_mods\net_fabricmc_yarn_1_20_1_1_20_1_build_10_v2\net\fabricmc\fabric-api\fabric-transfer-api-v1\3.3.0+cdf060b277\fabric-transfer-api-v1-3.3.0+cdf060b277.jar to classpath.
[13:51:13] [main/DEBUG] (FabricLoader/Knot) Adding D:\eclipse\mods\TodoNotebookFabric\.gradle\loom-cache\remapped_mods\net_fabricmc_yarn_1_20_1_1_20_1_build_10_v2\net\fabricmc\fabric-api\fabric-content-registries-v0\4.0.9+b3afc78b77\fabric-content-registries-v0-4.0.9+b3afc78b77.jar to classpath.
[13:51:13] [main/DEBUG] (FabricLoader/Knot) Adding D:\eclipse\mods\TodoNotebookFabric\.gradle\loom-cache\remapped_mods\net_fabricmc_yarn_1_20_1_1_20_1_build_10_v2\net\fabricmc\fabric-api\fabric-networking-v0\0.3.50+df3654b377\fabric-networking-v0-0.3.50+df3654b377.jar to classpath.
[13:51:13] [main/DEBUG] (FabricLoader/Knot) Adding D:\eclipse\mods\TodoNotebookFabric\.gradle\loom-cache\remapped_mods\net_fabricmc_yarn_1_20_1_1_20_1_build_10_v2\net\fabricmc\fabric-api\fabric-transitive-access-wideners-v1\4.3.0+6c31357e77\fabric-transitive-access-wideners-v1-4.3.0+6c31357e77.jar to classpath.
[13:51:13] [main/DEBUG] (FabricLoader/Knot) Adding D:\eclipse\mods\TodoNotebookFabric\.gradle\loom-cache\remapped_mods\net_fabricmc_yarn_1_20_1_1_20_1_build_10_v2\net\fabricmc\fabric-api\fabric-rendering-fluids-v1\3.0.27+b3afc78b77\fabric-rendering-fluids-v1-3.0.27+b3afc78b77.jar to classpath.
[13:51:13] [main/DEBUG] (FabricLoader/Knot) Adding D:\eclipse\mods\TodoNotebookFabric\.gradle\loom-cache\remapped_mods\net_fabricmc_yarn_1_20_1_1_20_1_build_10_v2\net\fabricmc\fabric-api\fabric-loot-api-v2\1.1.39+b3afc78b77\fabric-loot-api-v2-1.1.39+b3afc78b77.jar to classpath.
[13:51:13] [main/DEBUG] (FabricLoader/Knot) Adding D:\eclipse\mods\TodoNotebookFabric\.gradle\loom-cache\remapped_mods\net_fabricmc_yarn_1_20_1_1_20_1_build_10_v2\net\fabricmc\fabric-api\fabric-screen-handler-api-v1\1.3.29+b3afc78b77\fabric-screen-handler-api-v1-1.3.29+b3afc78b77.jar to classpath.
[13:51:13] [main/DEBUG] (FabricLoader/Knot) Adding D:\eclipse\mods\TodoNotebookFabric\.gradle\loom-cache\remapped_mods\net_fabricmc_yarn_1_20_1_1_20_1_build_10_v2\net\fabricmc\fabric-api\fabric-sound-api-v1\1.0.12+b3afc78b77\fabric-sound-api-v1-1.0.12+b3afc78b77.jar to classpath.
[13:51:13] [main/DEBUG] (FabricLoader/Knot) Adding D:\eclipse\mods\TodoNotebookFabric\.gradle\loom-cache\remapped_mods\net_fabricmc_yarn_1_20_1_1_20_1_build_10_v2\net\fabricmc\fabric-api\fabric-renderer-api-v1\3.1.2+6bdb2ed077\fabric-renderer-api-v1-3.1.2+6bdb2ed077.jar to classpath.
[13:51:13] [main/DEBUG] (FabricLoader/Knot) Adding D:\eclipse\mods\TodoNotebookFabric\.gradle\loom-cache\remapped_mods\net_fabricmc_yarn_1_20_1_1_20_1_build_10_v2\net\fabricmc\fabric-api\fabric-convention-tags-v1\1.5.4+a1a980da77\fabric-convention-tags-v1-1.5.4+a1a980da77.jar to classpath.
[13:51:13] [main/DEBUG] (FabricLoader/Knot) Adding D:\eclipse\mods\TodoNotebookFabric\.gradle\loom-cache\remapped_mods\net_fabricmc_yarn_1_20_1_1_20_1_build_10_v2\net\fabricmc\fabric-api\fabric-mining-level-api-v1\2.1.49+b3afc78b77\fabric-mining-level-api-v1-2.1.49+b3afc78b77.jar to classpath.
[13:51:13] [main/DEBUG] (FabricLoader/Knot) Adding D:\eclipse\mods\TodoNotebookFabric\.gradle\loom-cache\remapped_mods\net_fabricmc_yarn_1_20_1_1_20_1_build_10_v2\net\fabricmc\fabric-api\fabric-biome-api-v1\13.0.10+b3afc78b77\fabric-biome-api-v1-13.0.10+b3afc78b77.jar to classpath.
[13:51:13] [main/DEBUG] (FabricLoader/Knot) Adding D:\eclipse\mods\TodoNotebookFabric\.gradle\loom-cache\remapped_mods\net_fabricmc_yarn_1_20_1_1_20_1_build_10_v2\net\fabricmc\fabric-api\fabric-rendering-v1\3.0.7+b3afc78b77\fabric-rendering-v1-3.0.7+b3afc78b77.jar to classpath.
[13:51:13] [main/DEBUG] (FabricLoader/Knot) Adding D:\eclipse\mods\TodoNotebookFabric\.gradle\loom-cache\remapped_mods\net_fabricmc_yarn_1_20_1_1_20_1_build_10_v2\net\fabricmc\fabric-api\fabric-rendering-v0\1.1.48+df3654b377\fabric-rendering-v0-1.1.48+df3654b377.jar to classpath.
[13:51:13] [main/DEBUG] (FabricLoader/Knot) Adding D:\eclipse\mods\TodoNotebookFabric\.gradle\loom-cache\remapped_mods\net_fabricmc_yarn_1_20_1_1_20_1_build_10_v2\net\fabricmc\fabric-api\fabric-events-lifecycle-v0\0.2.62+df3654b377\fabric-events-lifecycle-v0-0.2.62+df3654b377.jar to classpath.
[13:51:13] [main/DEBUG] (FabricLoader/Knot) Adding D:\eclipse\mods\TodoNotebookFabric\.gradle\loom-cache\remapped_mods\net_fabricmc_yarn_1_20_1_1_20_1_build_10_v2\net\fabricmc\fabric-api\fabric-loot-tables-v1\1.1.43+9e7660c677\fabric-loot-tables-v1-1.1.43+9e7660c677.jar to classpath.
[13:51:13] [main/DEBUG] (FabricLoader/Knot) Adding D:\eclipse\mods\TodoNotebookFabric\.gradle\loom-cache\remapped_mods\net_fabricmc_yarn_1_20_1_1_20_1_build_10_v2\net\fabricmc\fabric-api\fabric-dimensions-v1\2.1.53+8536527b77\fabric-dimensions-v1-2.1.53+8536527b77.jar to classpath.
[13:51:13] [main/DEBUG] (FabricLoader/Knot) Adding D:\eclipse\mods\TodoNotebookFabric\.gradle\loom-cache\remapped_mods\net_fabricmc_yarn_1_20_1_1_20_1_build_10_v2\net\fabricmc\fabric-api\fabric-networking-api-v1\1.3.10+eeb8eb3677\fabric-networking-api-v1-1.3.10+eeb8eb3677.jar to classpath.
[13:51:13] [main/DEBUG] (FabricLoader/Knot) Adding D:\eclipse\mods\TodoNotebookFabric\.gradle\loom-cache\remapped_mods\net_fabricmc_yarn_1_20_1_1_20_1_build_10_v2\net\fabricmc\fabric-api\fabric-rendering-data-attachment-v1\0.3.34+b3afc78b77\fabric-rendering-data-attachment-v1-0.3.34+b3afc78b77.jar to classpath.
[13:51:13] [main/DEBUG] (FabricLoader/Knot) Adding D:\eclipse\mods\TodoNotebookFabric\.gradle\loom-cache\remapped_mods\net_fabricmc_yarn_1_20_1_1_20_1_build_10_v2\net\fabricmc\fabric-api\fabric-api\0.87.0+1.20.1\fabric-api-0.87.0+1.20.1.jar to classpath.
[13:51:13] [main/DEBUG] (FabricLoader/Knot) Adding D:\eclipse\mods\TodoNotebookFabric\.gradle\loom-cache\remapped_mods\net_fabricmc_yarn_1_20_1_1_20_1_build_10_v2\net\fabricmc\fabric-api\fabric-entity-events-v1\1.5.22+b3afc78b77\fabric-entity-events-v1-1.5.22+b3afc78b77.jar to classpath.
[13:51:13] [main/DEBUG] (FabricLoader/Knot) Adding D:\eclipse\mods\TodoNotebookFabric\.gradle\loom-cache\remapped_mods\net_fabricmc_yarn_1_20_1_1_20_1_build_10_v2\net\fabricmc\fabric-api\fabric-object-builder-api-v1\11.1.1+6beca84877\fabric-object-builder-api-v1-11.1.1+6beca84877.jar to classpath.
[13:51:13] [main/DEBUG] (FabricLoader/Knot) Adding D:\eclipse\mods\TodoNotebookFabric\.gradle\loom-cache\remapped_mods\net_fabricmc_yarn_1_20_1_1_20_1_build_10_v2\net\fabricmc\fabric-api\fabric-command-api-v2\2.2.12+b3afc78b77\fabric-command-api-v2-2.2.12+b3afc78b77.jar to classpath.
[13:51:13] [main/DEBUG] (FabricLoader/Knot) Adding D:\eclipse\mods\TodoNotebookFabric\.gradle\loom-cache\remapped_mods\net_fabricmc_yarn_1_20_1_1_20_1_build_10_v2\net\fabricmc\fabric-api\fabric-command-api-v1\1.2.33+f71b366f77\fabric-command-api-v1-1.2.33+f71b366f77.jar to classpath.
[13:51:13] [main/DEBUG] (FabricLoader/Knot) Adding D:\eclipse\mods\TodoNotebookFabric\.gradle\loom-cache\remapped_mods\net_fabricmc_yarn_1_20_1_1_20_1_build_10_v2\net\fabricmc\fabric-api\fabric-resource-loader-v0\0.11.9+132c48c177\fabric-resource-loader-v0-0.11.9+132c48c177.jar to classpath.
[13:51:13] [main/DEBUG] (FabricLoader/Knot) Adding D:\eclipse\mods\TodoNotebookFabric\.gradle\loom-cache\remapped_mods\net_fabricmc_yarn_1_20_1_1_20_1_build_10_v2\net\fabricmc\fabric-api\fabric-data-generation-api-v1\12.2.2+1e61dba177\fabric-data-generation-api-v1-12.2.2+1e61dba177.jar to classpath.
[13:51:13] [main/DEBUG] (FabricLoader/Knot) Adding D:\eclipse\mods\TodoNotebookFabric\.gradle\loom-cache\remapped_mods\net_fabricmc_yarn_1_20_1_1_20_1_build_10_v2\net\fabricmc\fabric-api\fabric-screen-api-v1\2.0.7+b3afc78b77\fabric-screen-api-v1-2.0.7+b3afc78b77.jar to classpath.
[13:51:13] [main/DEBUG] (FabricLoader/Knot) Adding D:\eclipse\mods\TodoNotebookFabric\.gradle\loom-cache\remapped_mods\net_fabricmc_yarn_1_20_1_1_20_1_build_10_v2\net\fabricmc\fabric-api\fabric-block-api-v1\1.0.9+e022e5d177\fabric-block-api-v1-1.0.9+e022e5d177.jar to classpath.
[13:51:13] [main/DEBUG] (FabricLoader/Knot) Adding D:\eclipse\mods\TodoNotebookFabric\.gradle\loom-cache\remapped_mods\net_fabricmc_yarn_1_20_1_1_20_1_build_10_v2\net\fabricmc\fabric-api\fabric-containers-v0\0.1.63+df3654b377\fabric-containers-v0-0.1.63+df3654b377.jar to classpath.
[13:51:13] [main/DEBUG] (FabricLoader/Knot) Adding D:\eclipse\mods\TodoNotebookFabric\.gradle\loom-cache\remapped_mods\net_fabricmc_yarn_1_20_1_1_20_1_build_10_v2\net\fabricmc\fabric-api\fabric-api-base\0.4.30+7abfd51577\fabric-api-base-0.4.30+7abfd51577.jar to classpath.
[13:51:13] [main/DEBUG] (FabricLoader/Knot) Adding D:\eclipse\mods\TodoNotebookFabric\.gradle\loom-cache\remapped_mods\net_fabricmc_yarn_1_20_1_1_20_1_build_10_v2\net\fabricmc\fabric-api\fabric-recipe-api-v1\1.0.20+b3afc78b77\fabric-recipe-api-v1-1.0.20+b3afc78b77.jar to classpath.
[13:51:13] [main/DEBUG] (FabricLoader/Knot) Adding D:\eclipse\mods\TodoNotebookFabric\.gradle\loom-cache\remapped_mods\net_fabricmc_yarn_1_20_1_1_20_1_build_10_v2\net\fabricmc\fabric-api\fabric-game-rule-api-v1\1.0.38+b04edc7a77\fabric-game-rule-api-v1-1.0.38+b04edc7a77.jar to classpath.
[13:51:13] [main/DEBUG] (FabricLoader/Knot) Adding D:\eclipse\mods\TodoNotebookFabric\.gradle\loom-cache\remapped_mods\net_fabricmc_yarn_1_20_1_1_20_1_build_10_v2\net\fabricmc\fabric-api\fabric-commands-v0\0.2.50+df3654b377\fabric-commands-v0-0.2.50+df3654b377.jar to classpath.
[13:51:13] [main/DEBUG] (FabricLoader/Knot) Adding D:\eclipse\mods\TodoNotebookFabric\.gradle\loom-cache\remapped_mods\net_fabricmc_yarn_1_20_1_1_20_1_build_10_v2\net\fabricmc\fabric-api\fabric-renderer-registries-v1\3.2.45+df3654b377\fabric-renderer-registries-v1-3.2.45+df3654b377.jar to classpath.
[13:51:13] [main/DEBUG] (FabricLoader/Knot) Adding D:\eclipse\mods\TodoNotebookFabric\.gradle\loom-cache\remapped_mods\net_fabricmc_yarn_1_20_1_1_20_1_build_10_v2\net\fabricmc\fabric-api\fabric-item-api-v1\2.1.27+b3afc78b77\fabric-item-api-v1-2.1.27+b3afc78b77.jar to classpath.
[13:51:13] [main/DEBUG] (FabricLoader/Knot) Adding D:\eclipse\mods\TodoNotebookFabric\.gradle\loom-cache\remapped_mods\net_fabricmc_yarn_1_20_1_1_20_1_build_10_v2\net\fabricmc\fabric-api\fabric-item-group-api-v1\4.0.10+23d9108177\fabric-item-group-api-v1-4.0.10+23d9108177.jar to classpath.
[13:51:13] [main/DEBUG] (FabricLoader/Knot) Adding D:\eclipse\mods\TodoNotebookFabric\.gradle\loom-cache\remapped_mods\net_fabricmc_yarn_1_20_1_1_20_1_build_10_v2\net\fabricmc\fabric-api\fabric-crash-report-info-v1\0.2.18+aeb40ebe77\fabric-crash-report-info-v1-0.2.18+aeb40ebe77.jar to classpath.
[13:51:13] [main/DEBUG] (FabricLoader/Knot) Adding D:\eclipse\mods\TodoNotebookFabric\build\resources\main to classpath.
[13:51:13] [main/DEBUG] (FabricLoader/Knot) Adding D:\eclipse\mods\TodoNotebookFabric\.gradle\loom-cache\remapped_mods\net_fabricmc_yarn_1_20_1_1_20_1_build_10_v2\net\fabricmc\fabric-api\fabric-gametest-api-v1\1.2.12+b3afc78b77\fabric-gametest-api-v1-1.2.12+b3afc78b77.jar to classpath.
[13:51:13] [main/DEBUG] (FabricLoader/Knot) Adding D:\eclipse\mods\TodoNotebookFabric\.gradle\loom-cache\remapped_mods\net_fabricmc_yarn_1_20_1_1_20_1_build_10_v2\net\fabricmc\fabric-api\fabric-lifecycle-events-v1\2.2.21+b3afc78b77\fabric-lifecycle-events-v1-2.2.21+b3afc78b77.jar to classpath.
[13:51:13] [main/DEBUG] (FabricLoader/Knot) Adding D:\eclipse\mods\TodoNotebookFabric\run\.fabric\processedMods\com_twelvemonkeys_imageio_imagei-webp-3.9.4-700a7c57b300a562.jar to classpath.
[13:51:13] [main/DEBUG] (FabricLoader/Knot) Adding D:\eclipse\mods\TodoNotebookFabric\.gradle\loom-cache\remapped_mods\net_fabricmc_yarn_1_20_1_1_20_1_build_10_v2\net\fabricmc\fabric-api\fabric-models-v0\0.4.1+9386d8a777\fabric-models-v0-0.4.1+9386d8a777.jar to classpath.
[13:51:13] [main/DEBUG] (FabricLoader/Knot) Adding D:\eclipse\mods\TodoNotebookFabric\.gradle\loom-cache\remapped_mods\net_fabricmc_yarn_1_20_1_1_20_1_build_10_v2\net\fabricmc\fabric-api\fabric-message-api-v1\5.1.7+3265161977\fabric-message-api-v1-5.1.7+3265161977.jar to classpath.
[13:51:13] [main/DEBUG] (FabricLoader/Knot) Adding D:\eclipse\mods\TodoNotebookFabric\run\.fabric\processedMods\com_twelvemonkeys_imageio_imagei-core-3.9.4-d8a24cb076ed96ca.jar to classpath.
[13:51:13] [main/DEBUG] (FabricLoader/Knot) Adding D:\eclipse\mods\TodoNotebookFabric\.gradle\loom-cache\remapped_mods\net_fabricmc_yarn_1_20_1_1_20_1_build_10_v2\net\fabricmc\fabric-api\fabric-events-interaction-v0\0.6.1+e91849a877\fabric-events-interaction-v0-0.6.1+e91849a877.jar to classpath.
[13:51:13] [main/DEBUG] (FabricLoader/Knot) Adding D:\eclipse\mods\TodoNotebookFabric\.gradle\loom-cache\remapped_mods\net_fabricmc_yarn_1_20_1_1_20_1_build_10_v2\net\fabricmc\fabric-api\fabric-particles-v1\1.1.1+201a23a077\fabric-particles-v1-1.1.1+201a23a077.jar to classpath.
[13:51:13] [main/DEBUG] (FabricLoader/Knot) Adding D:\eclipse\mods\TodoNotebookFabric\.gradle\loom-cache\remapped_mods\net_fabricmc_yarn_1_20_1_1_20_1_build_10_v2\net\fabricmc\fabric-api\fabric-client-tags-api-v1\1.1.1+97bb207577\fabric-client-tags-api-v1-1.1.1+97bb207577.jar to classpath.
[13:51:13] [main/DEBUG] (FabricLoader/Knot) Adding D:\eclipse\mods\TodoNotebookFabric\.gradle\loom-cache\remapped_mods\net_fabricmc_yarn_1_20_1_1_20_1_build_10_v2\net\fabricmc\fabric-api\fabric-resource-conditions-api-v1\2.3.5+ea08f9d877\fabric-resource-conditions-api-v1-2.3.5+ea08f9d877.jar to classpath.
[13:51:13] [main/DEBUG] (FabricLoader/Knot) Adding D:\eclipse\mods\TodoNotebookFabric\.gradle\loom-cache\remapped_mods\net_fabricmc_yarn_1_20_1_1_20_1_build_10_v2\net\fabricmc\fabric-api\fabric-keybindings-v0\0.2.34+df3654b377\fabric-keybindings-v0-0.2.34+df3654b377.jar to classpath.
[13:51:13] [main/DEBUG] (FabricLoader/Knot) Adding D:\eclipse\mods\TodoNotebookFabric\.gradle\loom-cache\remapped_mods\net_fabricmc_yarn_1_20_1_1_20_1_build_10_v2\net\fabricmc\fabric-api\fabric-renderer-indigo\1.4.2+6bdb2ed077\fabric-renderer-indigo-1.4.2+6bdb2ed077.jar to classpath.
[13:51:13] [main/DEBUG] (FabricLoader/Knot) Adding D:\eclipse\mods\TodoNotebookFabric\.gradle\loom-cache\remapped_mods\net_fabricmc_yarn_1_20_1_1_20_1_build_10_v2\net\fabricmc\fabric-api\fabric-api-lookup-api-v1\1.6.35+4d8536c977\fabric-api-lookup-api-v1-1.6.35+4d8536c977.jar to classpath.
[13:51:13] [main/DEBUG] (FabricLoader/Knot) Adding C:\Users\klitw\.gradle\caches\modules-2\files-2.1\net.fabricmc.fabric-api\fabric-key-binding-api-v1\1.0.36+fb8d95da27\1a75fb97f37e2ed134fc21b237a096061d4e09d5\fabric-key-binding-api-v1-1.0.36+fb8d95da27.jar to classpath.
[13:51:13] [main/DEBUG] (FabricLoader/Entrypoint) Registering new-style initializer net.fabricmc.fabric.impl.client.registry.sync.FabricRegistryClientInit for mod fabric-registry-sync-v0 (key client)
[13:51:13] [main/DEBUG] (FabricLoader/Entrypoint) Registering new-style initializer net.fabricmc.fabric.impl.registry.sync.FabricRegistryInit for mod fabric-registry-sync-v0 (key main)
[13:51:13] [main/DEBUG] (FabricLoader/Entrypoint) Registering new-style initializer com.terraformersmc.modmenu.ModMenuModMenuCompat for mod modmenu (key modmenu)
[13:51:13] [main/DEBUG] (FabricLoader/Entrypoint) Registering new-style initializer com.terraformersmc.modmenu.ModMenu for mod modmenu (key client)
[13:51:13] [main/DEBUG] (FabricLoader/Entrypoint) Registering new-style initializer net.fabricmc.fabric.impl.client.networking.v0.OldClientNetworkingHooks for mod fabric-networking-v0 (key client)
[13:51:13] [main/DEBUG] (FabricLoader/Entrypoint) Registering new-style initializer net.fabricmc.fabric.impl.networking.v0.OldNetworkingHooks for mod fabric-networking-v0 (key main)
[13:51:13] [main/DEBUG] (FabricLoader/Entrypoint) Registering new-style initializer net.fabricmc.fabric.impl.screenhandler.client.ClientNetworking for mod fabric-screen-handler-api-v1 (key client)
[13:51:13] [main/DEBUG] (FabricLoader/Entrypoint) Registering new-style initializer net.fabricmc.fabric.impl.client.rendering.v0.RenderingCallbackInvoker for mod fabric-rendering-v0 (key client)
[13:51:13] [main/DEBUG] (FabricLoader/Entrypoint) Registering new-style initializer net.fabricmc.fabric.impl.event.lifecycle.v0.client.LegacyClientEventInvokers for mod fabric-events-lifecycle-v0 (key client)
[13:51:13] [main/DEBUG] (FabricLoader/Entrypoint) Registering new-style initializer net.fabricmc.fabric.impl.event.lifecycle.v0.LegacyEventInvokers for mod fabric-events-lifecycle-v0 (key main)
[13:51:13] [main/DEBUG] (FabricLoader/Entrypoint) Registering new-style initializer net.fabricmc.fabric.impl.loot.table.LootTablesV1Init for mod fabric-loot-tables-v1 (key main)
[13:51:13] [main/DEBUG] (FabricLoader/Entrypoint) Registering new-style initializer net.fabricmc.fabric.impl.networking.client.ClientNetworkingImpl::clientInit for mod fabric-networking-api-v1 (key client)
[13:51:13] [main/DEBUG] (FabricLoader/Entrypoint) Registering new-style initializer net.fabricmc.fabric.impl.networking.NetworkingImpl::init for mod fabric-networking-api-v1 (key main)
[13:51:13] [main/DEBUG] (FabricLoader/Entrypoint) Registering new-style initializer net.fabricmc.fabric.impl.command.v1.LegacyHandler for mod fabric-command-api-v1 (key main)
[13:51:13] [main/DEBUG] (FabricLoader/Entrypoint) Registering new-style initializer net.fabricmc.fabric.impl.client.container.ScreenProviderRegistryImpl::init for mod fabric-containers-v0 (key client)
[13:51:13] [main/DEBUG] (FabricLoader/Entrypoint) Registering new-style initializer net.fabricmc.fabric.impl.recipe.ingredient.client.CustomIngredientSyncClient for mod fabric-recipe-api-v1 (key client)
[13:51:13] [main/DEBUG] (FabricLoader/Entrypoint) Registering new-style initializer net.fabricmc.fabric.impl.recipe.ingredient.CustomIngredientInit for mod fabric-recipe-api-v1 (key main)
[13:51:13] [main/DEBUG] (FabricLoader/Entrypoint) Registering new-style initializer net.fabricmc.fabric.impl.recipe.ingredient.CustomIngredientSync for mod fabric-recipe-api-v1 (key main)
[13:51:13] [main/DEBUG] (FabricLoader/Entrypoint) Registering new-style initializer net.magnesnasamice.InitDataGenerator for mod todonote (key fabric-datagen)
[13:51:13] [main/DEBUG] (FabricLoader/Entrypoint) Registering new-style initializer net.magnesnasamice.InitClient for mod todonote (key client)
[13:51:13] [main/DEBUG] (FabricLoader/Entrypoint) Registering new-style initializer net.magnesnasamice.Init for mod todonote (key main)
[13:51:13] [main/DEBUG] (FabricLoader/Entrypoint) Registering new-style initializer net.fabricmc.fabric.impl.gametest.FabricGameTestModInitializer for mod fabric-gametest-api-v1 (key main)
[13:51:13] [main/DEBUG] (FabricLoader/Entrypoint) Registering new-style initializer net.fabricmc.fabric.impl.client.event.lifecycle.ClientLifecycleEventsImpl for mod fabric-lifecycle-events-v1 (key client)
[13:51:13] [main/DEBUG] (FabricLoader/Entrypoint) Registering new-style initializer net.fabricmc.fabric.impl.event.lifecycle.LifecycleEventsImpl for mod fabric-lifecycle-events-v1 (key main)
[13:51:13] [main/DEBUG] (FabricLoader/Entrypoint) Registering new-style initializer net.fabricmc.fabric.impl.event.interaction.InteractionEventsRouterClient for mod fabric-events-interaction-v0 (key client)
[13:51:13] [main/DEBUG] (FabricLoader/Entrypoint) Registering new-style initializer net.fabricmc.fabric.impl.event.interaction.InteractionEventsRouter for mod fabric-events-interaction-v0 (key main)
[13:51:13] [main/DEBUG] (FabricLoader/Entrypoint) Registering new-style initializer net.fabricmc.fabric.impl.client.indigo.Indigo for mod fabric-renderer-indigo (key client)
[13:51:13] [main/DEBUG] (FabricLoader/Entrypoint) Registering new-style initializer net.fabricmc.fabric.impl.lookup.ApiLookupImpl for mod fabric-api-lookup-api-v1 (key main)
[13:51:13] [main/DEBUG] (FabricLoader/Mappings) Loading mappings took 168 ms
[13:51:13] [main/ERROR] (FabricLoader) Uncaught exception in thread "main"
java.lang.RuntimeException: Failed to read accessWidener file from mod yet_another_config_lib_v3
	at net.fabricmc.loader.impl.FabricLoaderImpl.loadAccessWideners(FabricLoaderImpl.java:480) ~[fabric-loader-0.14.22.jar:?]
	at net.fabricmc.loader.impl.launch.knot.Knot.init(Knot.java:151) ~[fabric-loader-0.14.22.jar:?]
	at net.fabricmc.loader.impl.launch.knot.Knot.launch(Knot.java:68) ~[fabric-loader-0.14.22.jar:?]
	at net.fabricmc.loader.impl.launch.knot.KnotClient.main(KnotClient.java:23) ~[fabric-loader-0.14.22.jar:?]
	at net.fabricmc.devlaunchinjector.Main.main(Main.java:86) ~[?:?]
Caused by: net.fabricmc.accesswidener.AccessWidenerFormatException: Namespace (intermediary) does not match current runtime namespace (named)
	at net.fabricmc.accesswidener.AccessWidenerReader.error(AccessWidenerReader.java:285) ~[access-widener-2.1.0.jar:?]
	at net.fabricmc.accesswidener.AccessWidenerReader.read(AccessWidenerReader.java:84) ~[access-widener-2.1.0.jar:?]
	at net.fabricmc.loader.impl.FabricLoaderImpl.loadAccessWideners(FabricLoaderImpl.java:478) ~[fabric-loader-0.14.22.jar:?]
	... 4 more
